<?xml version="1.0" encoding="UTF-8"?>
<robot generator="Robot 6.1.1 (Python 3.11.4 on win32)" generated="20231124 10:34:55.768" rpa="false" schemaversion="4">
<suite id="s1" name="Test" source="C:\Users\punyanuch\Desktop\ITDS362\Project ph.2\Robot_automatic_UI\test.robot">
<test id="s1-t1" name="Test opening Discuss Forum using Chrome" line="10">
<kw name="Open Browser" library="SeleniumLibrary">
<arg>${url_google}</arg>
<arg>${browser}</arg>
<doc>Opens a new browser instance to the optional ``url``.</doc>
<msg timestamp="20231124 10:34:56.137" level="INFO">Opening browser 'Chrome' to base url 'http://45.144.164.182:8081'.</msg>
<status status="PASS" starttime="20231124 10:34:56.137" endtime="20231124 10:35:00.293"/>
</kw>
<status status="PASS" starttime="20231124 10:34:56.137" endtime="20231124 10:35:00.293"/>
</test>
<test id="s1-t2" name="Test using reply" line="156">
<kw name="Click Link" library="SeleniumLibrary">
<arg>xpath=//a[@href="/d/2-test"]</arg>
<doc>Clicks a link identified by ``locator``.</doc>
<msg timestamp="20231124 10:35:00.303" level="INFO">Clicking link 'xpath=//a[@href="/d/2-test"]'.</msg>
<status status="PASS" starttime="20231124 10:35:00.301" endtime="20231124 10:35:00.438"/>
</kw>
<kw name="Sleep" library="BuiltIn">
<arg>3s</arg>
<doc>Pauses the test executed for the given time.</doc>
<msg timestamp="20231124 10:35:03.447" level="INFO">Slept 3 seconds</msg>
<status status="PASS" starttime="20231124 10:35:00.438" endtime="20231124 10:35:03.447"/>
</kw>
<kw name="Click Button" library="SeleniumLibrary">
<arg>xpath=//li[@class="item-controls"]//button[@class=" SplitDropdown-button Button Button--primary hasIcon"]</arg>
<doc>Clicks the button identified by ``locator``.</doc>
<msg timestamp="20231124 10:35:03.447" level="INFO">Clicking button 'xpath=//li[@class="item-controls"]//button[@class=" SplitDropdown-button Button Button--primary hasIcon"]'.</msg>
<status status="PASS" starttime="20231124 10:35:03.447" endtime="20231124 10:35:03.589"/>
</kw>
<kw name="Sleep" library="BuiltIn">
<arg>4s</arg>
<doc>Pauses the test executed for the given time.</doc>
<msg timestamp="20231124 10:35:07.594" level="INFO">Slept 4 seconds</msg>
<status status="PASS" starttime="20231124 10:35:03.589" endtime="20231124 10:35:07.594"/>
</kw>
<kw name="Input Text" library="SeleniumLibrary">
<arg>name=identification</arg>
<arg>admin01</arg>
<doc>Types the given ``text`` into the text field identified by ``locator``.</doc>
<msg timestamp="20231124 10:35:07.594" level="INFO">Typing text 'admin01' into text field 'name=identification'.</msg>
<status status="PASS" starttime="20231124 10:35:07.594" endtime="20231124 10:35:07.811"/>
</kw>
<kw name="Input Text" library="SeleniumLibrary">
<arg>name=password</arg>
<arg>123456789</arg>
<doc>Types the given ``text`` into the text field identified by ``locator``.</doc>
<msg timestamp="20231124 10:35:07.817" level="INFO">Typing text '123456789' into text field 'name=password'.</msg>
<status status="PASS" starttime="20231124 10:35:07.816" endtime="20231124 10:35:08.073"/>
</kw>
<kw name="Sleep" library="BuiltIn">
<arg>4s</arg>
<doc>Pauses the test executed for the given time.</doc>
<msg timestamp="20231124 10:35:12.080" level="INFO">Slept 4 seconds</msg>
<status status="PASS" starttime="20231124 10:35:08.073" endtime="20231124 10:35:12.080"/>
</kw>
<kw name="Click Button" library="SeleniumLibrary">
<arg>xpath=//div[@class="Form-group"]//button[@class="Button Button--primary Button--block"]</arg>
<doc>Clicks the button identified by ``locator``.</doc>
<msg timestamp="20231124 10:35:12.080" level="INFO">Clicking button 'xpath=//div[@class="Form-group"]//button[@class="Button Button--primary Button--block"]'.</msg>
<status status="PASS" starttime="20231124 10:35:12.080" endtime="20231124 10:35:12.250"/>
</kw>
<kw name="Sleep" library="BuiltIn">
<arg>5s</arg>
<doc>Pauses the test executed for the given time.</doc>
<msg timestamp="20231124 10:35:17.253" level="INFO">Slept 5 seconds</msg>
<status status="PASS" starttime="20231124 10:35:12.250" endtime="20231124 10:35:17.253"/>
</kw>
<kw name="Click Button" library="SeleniumLibrary">
<arg>xpath=//li[@class="item-controls"]//button[@class=" SplitDropdown-button Button Button--primary hasIcon"]</arg>
<doc>Clicks the button identified by ``locator``.</doc>
<msg timestamp="20231124 10:35:17.253" level="INFO">Clicking button 'xpath=//li[@class="item-controls"]//button[@class=" SplitDropdown-button Button Button--primary hasIcon"]'.</msg>
<status status="PASS" starttime="20231124 10:35:17.253" endtime="20231124 10:35:17.435"/>
</kw>
<kw name="Sleep" library="BuiltIn">
<arg>5s</arg>
<doc>Pauses the test executed for the given time.</doc>
<msg timestamp="20231124 10:35:22.435" level="INFO">Slept 5 seconds</msg>
<status status="PASS" starttime="20231124 10:35:17.435" endtime="20231124 10:35:22.435"/>
</kw>
<kw name="Input Text" library="SeleniumLibrary">
<arg>xpath=//div[@class="ComposerBody-mentionsWrapper"]//textarea[@class="FormControl Composer-flexible TextEditor-editor"]</arg>
<arg>Hello Test test Gr.6^^</arg>
<doc>Types the given ``text`` into the text field identified by ``locator``.</doc>
<msg timestamp="20231124 10:35:22.438" level="INFO">Typing text 'Hello Test test Gr.6^^' into text field 'xpath=//div[@class="ComposerBody-mentionsWrapper"]//textarea[@class="FormControl Composer-flexible TextEditor-editor"]'.</msg>
<status status="PASS" starttime="20231124 10:35:22.435" endtime="20231124 10:35:22.708"/>
</kw>
<kw name="Sleep" library="BuiltIn">
<arg>10s</arg>
<doc>Pauses the test executed for the given time.</doc>
<msg timestamp="20231124 10:35:32.708" level="INFO">Slept 10 seconds</msg>
<status status="PASS" starttime="20231124 10:35:22.708" endtime="20231124 10:35:32.708"/>
</kw>
<kw name="Click Button" library="SeleniumLibrary">
<arg>xpath=//li[@class="item-submit App-primaryControl"]//button[@class="Button Button--primary hasIcon"]</arg>
<doc>Clicks the button identified by ``locator``.</doc>
<msg timestamp="20231124 10:35:32.708" level="INFO">Clicking button 'xpath=//li[@class="item-submit App-primaryControl"]//button[@class="Button Button--primary hasIcon"]'.</msg>
<status status="PASS" starttime="20231124 10:35:32.708" endtime="20231124 10:35:32.863"/>
</kw>
<kw name="Sleep" library="BuiltIn">
<arg>4s</arg>
<doc>Pauses the test executed for the given time.</doc>
<msg timestamp="20231124 10:35:36.866" level="INFO">Slept 4 seconds</msg>
<status status="PASS" starttime="20231124 10:35:32.865" endtime="20231124 10:35:36.866"/>
</kw>
<kw name="Click Link" library="SeleniumLibrary">
<arg>xpath=//a[@href="http://45.144.164.182:8081"]</arg>
<doc>Clicks a link identified by ``locator``.</doc>
<msg timestamp="20231124 10:35:36.866" level="INFO">Clicking link 'xpath=//a[@href="http://45.144.164.182:8081"]'.</msg>
<status status="PASS" starttime="20231124 10:35:36.866" endtime="20231124 10:35:37.002"/>
</kw>
<status status="PASS" starttime="20231124 10:35:00.301" endtime="20231124 10:35:37.002"/>
</test>
<kw name="Close Browser" library="SeleniumLibrary" type="TEARDOWN">
<doc>Closes the current browser.</doc>
<status status="PASS" starttime="20231124 10:35:37.006" endtime="20231124 10:35:39.415"/>
</kw>
<status status="PASS" starttime="20231124 10:34:55.768" endtime="20231124 10:35:39.415"/>
</suite>
<statistics>
<total>
<stat pass="2" fail="0" skip="0">All Tests</stat>
</total>
<tag>
</tag>
<suite>
<stat pass="2" fail="0" skip="0" id="s1" name="Test">Test</stat>
</suite>
</statistics>
<errors>
</errors>
</robot>
