<?xml version="1.0" encoding="UTF-8"?>
<robot generator="Robot 6.1.1 (Python 3.11.4 on win32)" generated="20240830 16:59:14.944" rpa="false" schemaversion="4">
<suite id="s1" name="Test" source="C:\Users\punyanuch\Desktop\เก่า\year 3 trem 1\ITDS362\6487047_ITDS362_ Lab Automated Web Testing\Robot_Framework\test.robot">
<test id="s1-t1" name="Test opening google.com using Chrome" line="12">
<kw name="Open Browser" library="SeleniumLibrary">
<arg>${url_google}</arg>
<arg>${browser}</arg>
<doc>Opens a new browser instance to the optional ``url``.</doc>
<msg timestamp="20240830 16:59:15.318" level="INFO">Opening browser 'Chrome' to base url 'http://www.google.com'.</msg>
<status status="PASS" starttime="20240830 16:59:15.317" endtime="20240830 16:59:21.945"/>
</kw>
<status status="PASS" starttime="20240830 16:59:15.316" endtime="20240830 16:59:21.946"/>
</test>
<test id="s1-t2" name="Get the page title and compare" line="15">
<kw name="Get Title" library="SeleniumLibrary">
<var>${title}</var>
<doc>Returns the title of the current page.</doc>
<msg timestamp="20240830 16:59:21.956" level="INFO">${title} = Google</msg>
<status status="PASS" starttime="20240830 16:59:21.947" endtime="20240830 16:59:21.956"/>
</kw>
<kw name="Should Be Equal As Strings" library="BuiltIn">
<arg>${title}</arg>
<arg>Google</arg>
<doc>Fails if objects are unequal after converting them to strings.</doc>
<status status="PASS" starttime="20240830 16:59:21.956" endtime="20240830 16:59:21.956"/>
</kw>
<status status="PASS" starttime="20240830 16:59:21.947" endtime="20240830 16:59:21.957"/>
</test>
<test id="s1-t3" name="Search using the keyword &quot;Cheese&quot;" line="19">
<kw name="Input Text" library="SeleniumLibrary">
<arg>q</arg>
<arg>Cheese</arg>
<doc>Types the given ``text`` into the text field identified by ``locator``.</doc>
<msg timestamp="20240830 16:59:21.960" level="INFO">Typing text 'Cheese' into text field 'q'.</msg>
<status status="PASS" starttime="20240830 16:59:21.959" endtime="20240830 16:59:22.095"/>
</kw>
<kw name="Submit Form" library="SeleniumLibrary">
<doc>Submits a form identified by ``locator``.</doc>
<msg timestamp="20240830 16:59:22.096" level="INFO">Submitting form 'None'.</msg>
<status status="PASS" starttime="20240830 16:59:22.096" endtime="20240830 16:59:22.281"/>
</kw>
<kw name="Get Title" library="SeleniumLibrary">
<var>${title}</var>
<doc>Returns the title of the current page.</doc>
<msg timestamp="20240830 16:59:23.143" level="INFO">${title} = Cheese - ค้นหาด้วย Google</msg>
<status status="PASS" starttime="20240830 16:59:22.282" endtime="20240830 16:59:23.143"/>
</kw>
<kw name="Should Be Equal As Strings" library="BuiltIn">
<arg>${title}</arg>
<arg>Cheese - ค้นหาด้วย Google</arg>
<doc>Fails if objects are unequal after converting them to strings.</doc>
<status status="PASS" starttime="20240830 16:59:23.144" endtime="20240830 16:59:23.145"/>
</kw>
<status status="PASS" starttime="20240830 16:59:21.958" endtime="20240830 16:59:23.145"/>
</test>
<kw name="Close Browser" library="SeleniumLibrary" type="TEARDOWN">
<doc>Closes the current browser.</doc>
<status status="PASS" starttime="20240830 16:59:23.146" endtime="20240830 16:59:25.342"/>
</kw>
<status status="PASS" starttime="20240830 16:59:14.947" endtime="20240830 16:59:25.342"/>
</suite>
<statistics>
<total>
<stat pass="3" fail="0" skip="0">All Tests</stat>
</total>
<tag>
</tag>
<suite>
<stat pass="3" fail="0" skip="0" id="s1" name="Test">Test</stat>
</suite>
</statistics>
<errors>
</errors>
</robot>
